Translating /workspace/Balidreamphoto-/index.html to en...
Saved /workspace/Balidreamphoto-/en/index.html
Translating /workspace/Balidreamphoto-/index.html to ua...
Saved /workspace/Balidreamphoto-/ua/index.html
Translating /workspace/Balidreamphoto-/index.html to kz...
Saved /workspace/Balidreamphoto-/kz/index.html
Translating /workspace/Balidreamphoto-/index.html to ar...
Saved /workspace/Balidreamphoto-/ar/index.html
Translating /workspace/Balidreamphoto-/guides.html to en...
Saved /workspace/Balidreamphoto-/en/guides.html
Translating /workspace/Balidreamphoto-/guides.html to ua...
Saved /workspace/Balidreamphoto-/ua/guides.html
Translating /workspace/Balidreamphoto-/guides.html to kz...
Saved /workspace/Balidreamphoto-/kz/guides.html
Translating /workspace/Balidreamphoto-/guides.html to ar...
Saved /workspace/Balidreamphoto-/ar/guides.html
Translating /workspace/Balidreamphoto-/catalog.html to en...
Saved /workspace/Balidreamphoto-/en/catalog.html
Translating /workspace/Balidreamphoto-/catalog.html to ua...
Saved /workspace/Balidreamphoto-/ua/catalog.html
Translating /workspace/Balidreamphoto-/catalog.html to kz...
Saved /workspace/Balidreamphoto-/kz/catalog.html
Translating /workspace/Balidreamphoto-/catalog.html to ar...
Saved /workspace/Balidreamphoto-/ar/catalog.html
Translating /workspace/Balidreamphoto-/district.html to en...
Saved /workspace/Balidreamphoto-/en/district.html
Translating /workspace/Balidreamphoto-/district.html to ua...
Saved /workspace/Balidreamphoto-/ua/district.html
Translating /workspace/Balidreamphoto-/district.html to kz...
Saved /workspace/Balidreamphoto-/kz/district.html
Translating /workspace/Balidreamphoto-/district.html to ar...
Saved /workspace/Balidreamphoto-/ar/district.html
Translating /workspace/Balidreamphoto-/app_beta.html to en...
Saved /workspace/Balidreamphoto-/en/app_beta.html
Translating /workspace/Balidreamphoto-/app_beta.html to ua...
Saved /workspace/Balidreamphoto-/ua/app_beta.html
Translating /workspace/Balidreamphoto-/app_beta.html to kz...
Saved /workspace/Balidreamphoto-/kz/app_beta.html
Translating /workspace/Balidreamphoto-/app_beta.html to ar...
Saved /workspace/Balidreamphoto-/ar/app_beta.html
Translating /workspace/Balidreamphoto-/base.html to en...
Saved /workspace/Balidreamphoto-/en/base.html
Translating /workspace/Balidreamphoto-/base.html to ua...
Saved /workspace/Balidreamphoto-/ua/base.html
Translating /workspace/Balidreamphoto-/base.html to kz...
Saved /workspace/Balidreamphoto-/kz/base.html
Translating /workspace/Balidreamphoto-/base.html to ar...
Saved /workspace/Balidreamphoto-/ar/base.html
Translating /workspace/Balidreamphoto-/strategy.html to en...
Saved /workspace/Balidreamphoto-/en/strategy.html
Translating /workspace/Balidreamphoto-/strategy.html to ua...
Saved /workspace/Balidreamphoto-/ua/strategy.html
Translating /workspace/Balidreamphoto-/strategy.html to kz...
Saved /workspace/Balidreamphoto-/kz/strategy.html
Translating /workspace/Balidreamphoto-/strategy.html to ar...
Saved /workspace/Balidreamphoto-/ar/strategy.html
Translating /workspace/Balidreamphoto-/ubud-guide.html to en...
Saved /workspace/Balidreamphoto-/en/ubud-guide.html
Translating /workspace/Balidreamphoto-/ubud-guide.html to ua...
Saved /workspace/Balidreamphoto-/ua/ubud-guide.html
Translating /workspace/Balidreamphoto-/ubud-guide.html to kz...
Saved /workspace/Balidreamphoto-/kz/ubud-guide.html
Translating /workspace/Balidreamphoto-/ubud-guide.html to ar...
Saved /workspace/Balidreamphoto-/ar/ubud-guide.html
Translating /workspace/Balidreamphoto-/nusadua-guide.html to en...
Saved /workspace/Balidreamphoto-/en/nusadua-guide.html
Translating /workspace/Balidreamphoto-/nusadua-guide.html to ua...
Saved /workspace/Balidreamphoto-/ua/nusadua-guide.html
Translating /workspace/Balidreamphoto-/nusadua-guide.html to kz...
Saved /workspace/Balidreamphoto-/kz/nusadua-guide.html
Translating /workspace/Balidreamphoto-/nusadua-guide.html to ar...
Saved /workspace/Balidreamphoto-/ar/nusadua-guide.html
Translating /workspace/Balidreamphoto-/amed-guide.html to en...
Saved /workspace/Balidreamphoto-/en/amed-guide.html
Translating /workspace/Balidreamphoto-/amed-guide.html to ua...
Saved /workspace/Balidreamphoto-/ua/amed-guide.html
Translating /workspace/Balidreamphoto-/amed-guide.html to kz...
Saved /workspace/Balidreamphoto-/kz/amed-guide.html
Translating /workspace/Balidreamphoto-/amed-guide.html to ar...
Saved /workspace/Balidreamphoto-/ar/amed-guide.html
Translating /workspace/Balidreamphoto-/lovina-guide.html to en...
Saved /workspace/Balidreamphoto-/en/lovina-guide.html
Translating /workspace/Balidreamphoto-/lovina-guide.html to ua...
Saved /workspace/Balidreamphoto-/ua/lovina-guide.html
Translating /workspace/Balidreamphoto-/lovina-guide.html to kz...
Saved /workspace/Balidreamphoto-/kz/lovina-guide.html
Translating /workspace/Balidreamphoto-/lovina-guide.html to ar...
Saved /workspace/Balidreamphoto-/ar/lovina-guide.html
Translating /workspace/Balidreamphoto-/sanur-guide.html to en...
Saved /workspace/Balidreamphoto-/en/sanur-guide.html
Translating /workspace/Balidreamphoto-/sanur-guide.html to ua...
Saved /workspace/Balidreamphoto-/ua/sanur-guide.html
Translating /workspace/Balidreamphoto-/sanur-guide.html to kz...
Saved /workspace/Balidreamphoto-/kz/sanur-guide.html
Translating /workspace/Balidreamphoto-/sanur-guide.html to ar...
Saved /workspace/Balidreamphoto-/ar/sanur-guide.html
Translating /workspace/Balidreamphoto-/seminyak-guide.html to en...
Saved /workspace/Balidreamphoto-/en/seminyak-guide.html
Translating /workspace/Balidreamphoto-/seminyak-guide.html to ua...
Saved /workspace/Balidreamphoto-/ua/seminyak-guide.html
Translating /workspace/Balidreamphoto-/seminyak-guide.html to kz...
Saved /workspace/Balidreamphoto-/kz/seminyak-guide.html
Translating /workspace/Balidreamphoto-/seminyak-guide.html to ar...
Saved /workspace/Balidreamphoto-/ar/seminyak-guide.html
Translating /workspace/Balidreamphoto-/nusapenida-guide.html to en...
Saved /workspace/Balidreamphoto-/en/nusapenida-guide.html
Translating /workspace/Balidreamphoto-/nusapenida-guide.html to ua...
Saved /workspace/Balidreamphoto-/ua/nusapenida-guide.html
Translating /workspace/Balidreamphoto-/nusapenida-guide.html to kz...
Saved /workspace/Balidreamphoto-/kz/nusapenida-guide.html
Translating /workspace/Balidreamphoto-/nusapenida-guide.html to ar...
Saved /workspace/Balidreamphoto-/ar/nusapenida-guide.html
Translating /workspace/Balidreamphoto-/uluwatu-guide.html to en...
Saved /workspace/Balidreamphoto-/en/uluwatu-guide.html
Translating /workspace/Balidreamphoto-/uluwatu-guide.html to ua...
Saved /workspace/Balidreamphoto-/ua/uluwatu-guide.html
Translating /workspace/Balidreamphoto-/uluwatu-guide.html to kz...
Saved /workspace/Balidreamphoto-/kz/uluwatu-guide.html
Translating /workspace/Balidreamphoto-/uluwatu-guide.html to ar...
Saved /workspace/Balidreamphoto-/ar/uluwatu-guide.html
Translating /workspace/Balidreamphoto-/canggu-guide.html to en...
Saved /workspace/Balidreamphoto-/en/canggu-guide.html
Translating /workspace/Balidreamphoto-/canggu-guide.html to ua...
Saved /workspace/Balidreamphoto-/ua/canggu-guide.html
Translating /workspace/Balidreamphoto-/canggu-guide.html to kz...
Saved /workspace/Balidreamphoto-/kz/canggu-guide.html
Translating /workspace/Balidreamphoto-/canggu-guide.html to ar...
Saved /workspace/Balidreamphoto-/ar/canggu-guide.html
HTML Translation finished.
